<?xml version="1.0" encoding="UTF-8"?>
<testsuite xmlns:xsi="http://www.w3.org/2001/XMLSchema-instance" xsi:noNamespaceSchemaLocation="https://maven.apache.org/surefire/maven-surefire-plugin/xsd/surefire-test-report-3.0.xsd" version="3.0" name="com.test.ApplicationTest" time="0.007" tests="0" errors="0" skipped="0" failures="0">
  <properties>
    <property name="java.specification.version" value="17"/>
    <property name="sun.cpu.isalist" value="amd64"/>
    <property name="sun.jnu.encoding" value="GBK"/>
    <property name="java.class.path" value="E:\我的文档\GitHub\Home\target\test-classes;E:\我的文档\GitHub\Home\target\classes;E:\path\to\local\repo\mysql\mysql-connector-java\8.0.16\mysql-connector-java-8.0.16.jar;E:\path\to\local\repo\com\google\protobuf\protobuf-java\3.6.1\protobuf-java-3.6.1.jar;E:\path\to\local\repo\org\springframework\spring-orm\4.0.0.RELEASE\spring-orm-4.0.0.RELEASE.jar;E:\path\to\local\repo\aopalliance\aopalliance\1.0\aopalliance-1.0.jar;E:\path\to\local\repo\org\springframework\spring-beans\4.0.0.RELEASE\spring-beans-4.0.0.RELEASE.jar;E:\path\to\local\repo\org\springframework\spring-core\4.0.0.RELEASE\spring-core-4.0.0.RELEASE.jar;E:\path\to\local\repo\commons-logging\commons-logging\1.1.1\commons-logging-1.1.1.jar;E:\path\to\local\repo\org\springframework\spring-jdbc\4.0.0.RELEASE\spring-jdbc-4.0.0.RELEASE.jar;E:\path\to\local\repo\org\springframework\spring-tx\4.0.0.RELEASE\spring-tx-4.0.0.RELEASE.jar;E:\path\to\local\repo\org\eclipse\persistence\javax.persistence\2.1.0\javax.persistence-2.1.0.jar;E:\path\to\local\repo\com\baomidou\mybatis-plus-boot-starter\3.3.2\mybatis-plus-boot-starter-3.3.2.jar;E:\path\to\local\repo\com\baomidou\mybatis-plus\3.3.2\mybatis-plus-3.3.2.jar;E:\path\to\local\repo\com\baomidou\mybatis-plus-extension\3.3.2\mybatis-plus-extension-3.3.2.jar;E:\path\to\local\repo\com\baomidou\mybatis-plus-core\3.3.2\mybatis-plus-core-3.3.2.jar;E:\path\to\local\repo\com\baomidou\mybatis-plus-annotation\3.3.2\mybatis-plus-annotation-3.3.2.jar;E:\path\to\local\repo\com\github\jsqlparser\jsqlparser\3.1\jsqlparser-3.1.jar;E:\path\to\local\repo\org\mybatis\mybatis\3.5.4\mybatis-3.5.4.jar;E:\path\to\local\repo\org\mybatis\mybatis-spring\2.0.4\mybatis-spring-2.0.4.jar;E:\path\to\local\repo\org\springframework\boot\spring-boot-autoconfigure\2.3.0.RELEASE\spring-boot-autoconfigure-2.3.0.RELEASE.jar;E:\path\to\local\repo\org\springframework\boot\spring-boot-starter-jdbc\2.3.0.RELEASE\spring-boot-starter-jdbc-2.3.0.RELEASE.jar;E:\path\to\local\repo\org\springframework\boot\spring-boot-starter\2.3.0.RELEASE\spring-boot-starter-2.3.0.RELEASE.jar;E:\path\to\local\repo\org\springframework\boot\spring-boot-starter-logging\2.3.0.RELEASE\spring-boot-starter-logging-2.3.0.RELEASE.jar;E:\path\to\local\repo\ch\qos\logback\logback-classic\1.2.3\logback-classic-1.2.3.jar;E:\path\to\local\repo\ch\qos\logback\logback-core\1.2.3\logback-core-1.2.3.jar;E:\path\to\local\repo\org\apache\logging\log4j\log4j-to-slf4j\2.13.2\log4j-to-slf4j-2.13.2.jar;E:\path\to\local\repo\org\apache\logging\log4j\log4j-api\2.13.2\log4j-api-2.13.2.jar;E:\path\to\local\repo\org\slf4j\jul-to-slf4j\1.7.30\jul-to-slf4j-1.7.30.jar;E:\path\to\local\repo\jakarta\annotation\jakarta.annotation-api\1.3.5\jakarta.annotation-api-1.3.5.jar;E:\path\to\local\repo\org\yaml\snakeyaml\1.26\snakeyaml-1.26.jar;E:\path\to\local\repo\com\zaxxer\HikariCP\3.4.5\HikariCP-3.4.5.jar;E:\path\to\local\repo\org\slf4j\slf4j-api\1.7.25\slf4j-api-1.7.25.jar;E:\path\to\local\repo\org\springframework\boot\spring-boot\3.1.0\spring-boot-3.1.0.jar;E:\path\to\local\repo\org\springframework\spring-context\6.0.9\spring-context-6.0.9.jar;E:\path\to\local\repo\org\springframework\spring-aop\6.0.9\spring-aop-6.0.9.jar;E:\path\to\local\repo\org\springframework\spring-expression\6.0.9\spring-expression-6.0.9.jar;E:\path\to\local\repo\org\projectlombok\lombok\1.18.24\lombok-1.18.24.jar;"/>
    <property name="java.vm.vendor" value="Oracle Corporation"/>
    <property name="sun.arch.data.model" value="64"/>
    <property name="user.variant" value=""/>
    <property name="java.vendor.url" value="https://java.oracle.com/"/>
    <property name="user.timezone" value="Asia/Shanghai"/>
    <property name="os.name" value="Windows 11"/>
    <property name="java.vm.specification.version" value="17"/>
    <property name="sun.java.launcher" value="SUN_STANDARD"/>
    <property name="user.country" value="CN"/>
    <property name="sun.boot.library.path" value="C:\Program Files\Java\jdk-17\bin"/>
    <property name="sun.java.command" value="C:\Users\dell\AppData\Local\Temp\surefire3310697786703955761\surefirebooter-20230620084544318_3.jar C:\Users\dell\AppData\Local\Temp\surefire3310697786703955761 2023-06-20T08-45-44_193-jvmRun1 surefire-20230620084544318_1tmp surefire_0-20230620084544318_2tmp"/>
    <property name="jdk.debug" value="release"/>
    <property name="surefire.test.class.path" value="E:\我的文档\GitHub\Home\target\test-classes;E:\我的文档\GitHub\Home\target\classes;E:\path\to\local\repo\mysql\mysql-connector-java\8.0.16\mysql-connector-java-8.0.16.jar;E:\path\to\local\repo\com\google\protobuf\protobuf-java\3.6.1\protobuf-java-3.6.1.jar;E:\path\to\local\repo\org\springframework\spring-orm\4.0.0.RELEASE\spring-orm-4.0.0.RELEASE.jar;E:\path\to\local\repo\aopalliance\aopalliance\1.0\aopalliance-1.0.jar;E:\path\to\local\repo\org\springframework\spring-beans\4.0.0.RELEASE\spring-beans-4.0.0.RELEASE.jar;E:\path\to\local\repo\org\springframework\spring-core\4.0.0.RELEASE\spring-core-4.0.0.RELEASE.jar;E:\path\to\local\repo\commons-logging\commons-logging\1.1.1\commons-logging-1.1.1.jar;E:\path\to\local\repo\org\springframework\spring-jdbc\4.0.0.RELEASE\spring-jdbc-4.0.0.RELEASE.jar;E:\path\to\local\repo\org\springframework\spring-tx\4.0.0.RELEASE\spring-tx-4.0.0.RELEASE.jar;E:\path\to\local\repo\org\eclipse\persistence\javax.persistence\2.1.0\javax.persistence-2.1.0.jar;E:\path\to\local\repo\com\baomidou\mybatis-plus-boot-starter\3.3.2\mybatis-plus-boot-starter-3.3.2.jar;E:\path\to\local\repo\com\baomidou\mybatis-plus\3.3.2\mybatis-plus-3.3.2.jar;E:\path\to\local\repo\com\baomidou\mybatis-plus-extension\3.3.2\mybatis-plus-extension-3.3.2.jar;E:\path\to\local\repo\com\baomidou\mybatis-plus-core\3.3.2\mybatis-plus-core-3.3.2.jar;E:\path\to\local\repo\com\baomidou\mybatis-plus-annotation\3.3.2\mybatis-plus-annotation-3.3.2.jar;E:\path\to\local\repo\com\github\jsqlparser\jsqlparser\3.1\jsqlparser-3.1.jar;E:\path\to\local\repo\org\mybatis\mybatis\3.5.4\mybatis-3.5.4.jar;E:\path\to\local\repo\org\mybatis\mybatis-spring\2.0.4\mybatis-spring-2.0.4.jar;E:\path\to\local\repo\org\springframework\boot\spring-boot-autoconfigure\2.3.0.RELEASE\spring-boot-autoconfigure-2.3.0.RELEASE.jar;E:\path\to\local\repo\org\springframework\boot\spring-boot-starter-jdbc\2.3.0.RELEASE\spring-boot-starter-jdbc-2.3.0.RELEASE.jar;E:\path\to\local\repo\org\springframework\boot\spring-boot-starter\2.3.0.RELEASE\spring-boot-starter-2.3.0.RELEASE.jar;E:\path\to\local\repo\org\springframework\boot\spring-boot-starter-logging\2.3.0.RELEASE\spring-boot-starter-logging-2.3.0.RELEASE.jar;E:\path\to\local\repo\ch\qos\logback\logback-classic\1.2.3\logback-classic-1.2.3.jar;E:\path\to\local\repo\ch\qos\logback\logback-core\1.2.3\logback-core-1.2.3.jar;E:\path\to\local\repo\org\apache\logging\log4j\log4j-to-slf4j\2.13.2\log4j-to-slf4j-2.13.2.jar;E:\path\to\local\repo\org\apache\logging\log4j\log4j-api\2.13.2\log4j-api-2.13.2.jar;E:\path\to\local\repo\org\slf4j\jul-to-slf4j\1.7.30\jul-to-slf4j-1.7.30.jar;E:\path\to\local\repo\jakarta\annotation\jakarta.annotation-api\1.3.5\jakarta.annotation-api-1.3.5.jar;E:\path\to\local\repo\org\yaml\snakeyaml\1.26\snakeyaml-1.26.jar;E:\path\to\local\repo\com\zaxxer\HikariCP\3.4.5\HikariCP-3.4.5.jar;E:\path\to\local\repo\org\slf4j\slf4j-api\1.7.25\slf4j-api-1.7.25.jar;E:\path\to\local\repo\org\springframework\boot\spring-boot\3.1.0\spring-boot-3.1.0.jar;E:\path\to\local\repo\org\springframework\spring-context\6.0.9\spring-context-6.0.9.jar;E:\path\to\local\repo\org\springframework\spring-aop\6.0.9\spring-aop-6.0.9.jar;E:\path\to\local\repo\org\springframework\spring-expression\6.0.9\spring-expression-6.0.9.jar;E:\path\to\local\repo\org\projectlombok\lombok\1.18.24\lombok-1.18.24.jar;"/>
    <property name="sun.cpu.endian" value="little"/>
    <property name="user.home" value="C:\Users\dell"/>
    <property name="user.language" value="zh"/>
    <property name="java.specification.vendor" value="Oracle Corporation"/>
    <property name="java.version.date" value="2023-01-17"/>
    <property name="java.home" value="C:\Program Files\Java\jdk-17"/>
    <property name="file.separator" value="\"/>
    <property name="basedir" value="E:\我的文档\GitHub\Home"/>
    <property name="java.vm.compressedOopsMode" value="Zero based"/>
    <property name="line.separator" value="&#10;"/>
    <property name="java.vm.specification.vendor" value="Oracle Corporation"/>
    <property name="java.specification.name" value="Java Platform API Specification"/>
    <property name="surefire.real.class.path" value="C:\Users\dell\AppData\Local\Temp\surefire3310697786703955761\surefirebooter-20230620084544318_3.jar"/>
    <property name="user.script" value=""/>
    <property name="sun.management.compiler" value="HotSpot 64-Bit Tiered Compilers"/>
    <property name="java.runtime.version" value="17.0.6+9-LTS-190"/>
    <property name="user.name" value="dell"/>
    <property name="path.separator" value=";"/>
    <property name="os.version" value="10.0"/>
    <property name="java.runtime.name" value="Java(TM) SE Runtime Environment"/>
    <property name="file.encoding" value="GBK"/>
    <property name="java.vm.name" value="Java HotSpot(TM) 64-Bit Server VM"/>
    <property name="localRepository" value="E:\path\to\local\repo"/>
    <property name="java.vendor.url.bug" value="https://bugreport.java.com/bugreport/"/>
    <property name="java.io.tmpdir" value="C:\Users\dell\AppData\Local\Temp\"/>
    <property name="java.version" value="17.0.6"/>
    <property name="user.dir" value="E:\我的文档\GitHub\Home"/>
    <property name="os.arch" value="amd64"/>
    <property name="java.vm.specification.name" value="Java Virtual Machine Specification"/>
    <property name="sun.os.patch.level" value=""/>
    <property name="native.encoding" value="GBK"/>
    <property name="java.library.path" value="C:\Program Files\Java\jdk-17\bin;C:\WINDOWS\Sun\Java\bin;C:\WINDOWS\system32;C:\WINDOWS;C:\Program Files\NVIDIA GPU Computing Toolkit\CUDA\v11.8\bin;C:\Program Files\NVIDIA GPU Computing Toolkit\CUDA\v11.8\libnvvp;C:\ProgramData\Oracle\Java\javapath;C:\Program Files (x86)\Common Files\Oracle\Java\javapath;C:\Windows\system32;C:\Windows;C:\Windows\System32\Wbem;C:\Windows\System32\WindowsPowerShell\v1.0\;C:\Windows\System32\OpenSSH\;C:\Program Files\NVIDIA Corporation\NVIDIA NvDLISR;C:\Program Files (x86)\NVIDIA Corporation\PhysX\Common;C:\WINDOWS\system32;C:\WINDOWS;C:\WINDOWS\System32\Wbem;C:\WINDOWS\System32\WindowsPowerShell\v1.0\;C:\WINDOWS\System32\OpenSSH\;C:\Program Files\Git\cmd;C:\Program Files\MySQL\MySQL Server 8.0\bin;C:\Program Files\Java\jdk1.8.0_181\bin;E:\apache-maven-3.8.4\bin;C:\Program Files\dotnet\;C:\Program Files\NVIDIA Corporation\Nsight Compute 2022.3.0\;C:\Program Files\MySQL\MySQL Shell 8.0\bin\;C:\Users\dell\AppData\Local\Programs\Microsoft VS Code\bin;C:\Users\dell\AppData\Local\JetBrains\Toolbox\scripts;C:\Users\dell\AppData\Local\Programs\Python\Python310;C:\Users\dell\AppData\Local\Programs\Python\Python310\Scripts;F:\lua-5.4.2_Win64_bin;C:\Users\dell\AppData\Local\Microsoft\WindowsApps;C:\Users\dell\AppData\Local\GitHubDesktop\bin;E:\apache-maven-3.9.2-bin\apache-maven-3.9.2\bin;."/>
    <property name="java.vm.info" value="mixed mode, sharing"/>
    <property name="java.vendor" value="Oracle Corporation"/>
    <property name="java.vm.version" value="17.0.6+9-LTS-190"/>
    <property name="sun.io.unicode.encoding" value="UnicodeLittle"/>
    <property name="java.class.version" value="61.0"/>
  </properties>
</testsuite>