<?xml version="1.0" encoding="UTF-8"?>
<testsuite xmlns:xsi="http://www.w3.org/2001/XMLSchema-instance" xsi:noNamespaceSchemaLocation="https://maven.apache.org/surefire/maven-surefire-plugin/xsd/surefire-test-report.xsd" name="com.example.familytree.FamilytreeApplicationTests" time="5.044" tests="1" errors="0" skipped="0" failures="0">
  <properties>
    <property name="java.specification.version" value="17"/>
    <property name="sun.cpu.isalist" value="amd64"/>
    <property name="sun.jnu.encoding" value="UTF-8"/>
    <property name="java.class.path" value="E:\我的文档\GitHub\Home\target\test-classes;E:\我的文档\GitHub\Home\target\classes;E:\path\to\local\repo\org\springframework\boot\spring-boot-starter-jdbc\2.7.13\spring-boot-starter-jdbc-2.7.13.jar;E:\path\to\local\repo\org\springframework\boot\spring-boot-starter\2.7.13\spring-boot-starter-2.7.13.jar;E:\path\to\local\repo\org\springframework\boot\spring-boot\2.7.13\spring-boot-2.7.13.jar;E:\path\to\local\repo\org\springframework\boot\spring-boot-starter-logging\2.7.13\spring-boot-starter-logging-2.7.13.jar;E:\path\to\local\repo\ch\qos\logback\logback-classic\1.2.12\logback-classic-1.2.12.jar;E:\path\to\local\repo\ch\qos\logback\logback-core\1.2.12\logback-core-1.2.12.jar;E:\path\to\local\repo\org\apache\logging\log4j\log4j-to-slf4j\2.17.2\log4j-to-slf4j-2.17.2.jar;E:\path\to\local\repo\org\apache\logging\log4j\log4j-api\2.17.2\log4j-api-2.17.2.jar;E:\path\to\local\repo\org\slf4j\jul-to-slf4j\1.7.36\jul-to-slf4j-1.7.36.jar;E:\path\to\local\repo\jakarta\annotation\jakarta.annotation-api\1.3.5\jakarta.annotation-api-1.3.5.jar;E:\path\to\local\repo\org\yaml\snakeyaml\1.30\snakeyaml-1.30.jar;E:\path\to\local\repo\com\zaxxer\HikariCP\4.0.3\HikariCP-4.0.3.jar;E:\path\to\local\repo\org\slf4j\slf4j-api\1.7.36\slf4j-api-1.7.36.jar;E:\path\to\local\repo\org\springframework\spring-jdbc\5.3.28\spring-jdbc-5.3.28.jar;E:\path\to\local\repo\org\springframework\spring-beans\5.3.28\spring-beans-5.3.28.jar;E:\path\to\local\repo\org\springframework\spring-tx\5.3.28\spring-tx-5.3.28.jar;E:\path\to\local\repo\org\springframework\boot\spring-boot-starter-web\2.7.13\spring-boot-starter-web-2.7.13.jar;E:\path\to\local\repo\org\springframework\boot\spring-boot-starter-json\2.7.13\spring-boot-starter-json-2.7.13.jar;E:\path\to\local\repo\com\fasterxml\jackson\core\jackson-databind\2.13.5\jackson-databind-2.13.5.jar;E:\path\to\local\repo\com\fasterxml\jackson\core\jackson-annotations\2.13.5\jackson-annotations-2.13.5.jar;E:\path\to\local\repo\com\fasterxml\jackson\core\jackson-core\2.13.5\jackson-core-2.13.5.jar;E:\path\to\local\repo\com\fasterxml\jackson\datatype\jackson-datatype-jdk8\2.13.5\jackson-datatype-jdk8-2.13.5.jar;E:\path\to\local\repo\com\fasterxml\jackson\datatype\jackson-datatype-jsr310\2.13.5\jackson-datatype-jsr310-2.13.5.jar;E:\path\to\local\repo\com\fasterxml\jackson\module\jackson-module-parameter-names\2.13.5\jackson-module-parameter-names-2.13.5.jar;E:\path\to\local\repo\org\springframework\boot\spring-boot-starter-tomcat\2.7.13\spring-boot-starter-tomcat-2.7.13.jar;E:\path\to\local\repo\org\apache\tomcat\embed\tomcat-embed-core\9.0.76\tomcat-embed-core-9.0.76.jar;E:\path\to\local\repo\org\apache\tomcat\embed\tomcat-embed-el\9.0.76\tomcat-embed-el-9.0.76.jar;E:\path\to\local\repo\org\apache\tomcat\embed\tomcat-embed-websocket\9.0.76\tomcat-embed-websocket-9.0.76.jar;E:\path\to\local\repo\org\springframework\spring-web\5.3.28\spring-web-5.3.28.jar;E:\path\to\local\repo\org\springframework\spring-webmvc\5.3.28\spring-webmvc-5.3.28.jar;E:\path\to\local\repo\org\springframework\spring-aop\5.3.28\spring-aop-5.3.28.jar;E:\path\to\local\repo\org\springframework\spring-context\5.3.28\spring-context-5.3.28.jar;E:\path\to\local\repo\org\springframework\spring-expression\5.3.28\spring-expression-5.3.28.jar;E:\path\to\local\repo\org\projectlombok\lombok\1.18.28\lombok-1.18.28.jar;E:\path\to\local\repo\org\springframework\boot\spring-boot-starter-test\2.7.13\spring-boot-starter-test-2.7.13.jar;E:\path\to\local\repo\org\springframework\boot\spring-boot-test\2.7.13\spring-boot-test-2.7.13.jar;E:\path\to\local\repo\org\springframework\boot\spring-boot-test-autoconfigure\2.7.13\spring-boot-test-autoconfigure-2.7.13.jar;E:\path\to\local\repo\com\jayway\jsonpath\json-path\2.7.0\json-path-2.7.0.jar;E:\path\to\local\repo\net\minidev\json-smart\2.4.11\json-smart-2.4.11.jar;E:\path\to\local\repo\net\minidev\accessors-smart\2.4.11\accessors-smart-2.4.11.jar;E:\path\to\local\repo\org\ow2\asm\asm\9.3\asm-9.3.jar;E:\path\to\local\repo\jakarta\xml\bind\jakarta.xml.bind-api\2.3.3\jakarta.xml.bind-api-2.3.3.jar;E:\path\to\local\repo\jakarta\activation\jakarta.activation-api\1.2.2\jakarta.activation-api-1.2.2.jar;E:\path\to\local\repo\org\assertj\assertj-core\3.22.0\assertj-core-3.22.0.jar;E:\path\to\local\repo\org\hamcrest\hamcrest\2.2\hamcrest-2.2.jar;E:\path\to\local\repo\org\junit\jupiter\junit-jupiter\5.8.2\junit-jupiter-5.8.2.jar;E:\path\to\local\repo\org\junit\jupiter\junit-jupiter-api\5.8.2\junit-jupiter-api-5.8.2.jar;E:\path\to\local\repo\org\opentest4j\opentest4j\1.2.0\opentest4j-1.2.0.jar;E:\path\to\local\repo\org\junit\platform\junit-platform-commons\1.8.2\junit-platform-commons-1.8.2.jar;E:\path\to\local\repo\org\apiguardian\apiguardian-api\1.1.2\apiguardian-api-1.1.2.jar;E:\path\to\local\repo\org\junit\jupiter\junit-jupiter-params\5.8.2\junit-jupiter-params-5.8.2.jar;E:\path\to\local\repo\org\junit\jupiter\junit-jupiter-engine\5.8.2\junit-jupiter-engine-5.8.2.jar;E:\path\to\local\repo\org\junit\platform\junit-platform-engine\1.8.2\junit-platform-engine-1.8.2.jar;E:\path\to\local\repo\org\mockito\mockito-core\4.5.1\mockito-core-4.5.1.jar;E:\path\to\local\repo\net\bytebuddy\byte-buddy\1.12.23\byte-buddy-1.12.23.jar;E:\path\to\local\repo\net\bytebuddy\byte-buddy-agent\1.12.23\byte-buddy-agent-1.12.23.jar;E:\path\to\local\repo\org\objenesis\objenesis\3.2\objenesis-3.2.jar;E:\path\to\local\repo\org\mockito\mockito-junit-jupiter\4.5.1\mockito-junit-jupiter-4.5.1.jar;E:\path\to\local\repo\org\skyscreamer\jsonassert\1.5.1\jsonassert-1.5.1.jar;E:\path\to\local\repo\com\vaadin\external\google\android-json\0.0.20131108.vaadin1\android-json-0.0.20131108.vaadin1.jar;E:\path\to\local\repo\org\springframework\spring-core\5.3.28\spring-core-5.3.28.jar;E:\path\to\local\repo\org\springframework\spring-jcl\5.3.28\spring-jcl-5.3.28.jar;E:\path\to\local\repo\org\springframework\spring-test\5.3.28\spring-test-5.3.28.jar;E:\path\to\local\repo\org\xmlunit\xmlunit-core\2.9.1\xmlunit-core-2.9.1.jar;E:\path\to\local\repo\mysql\mysql-connector-java\8.0.27\mysql-connector-java-8.0.27.jar;E:\path\to\local\repo\com\google\protobuf\protobuf-java\3.11.4\protobuf-java-3.11.4.jar;E:\path\to\local\repo\com\baomidou\mybatis-plus-boot-starter\3.4.3\mybatis-plus-boot-starter-3.4.3.jar;E:\path\to\local\repo\com\baomidou\mybatis-plus\3.4.3\mybatis-plus-3.4.3.jar;E:\path\to\local\repo\com\baomidou\mybatis-plus-extension\3.4.3\mybatis-plus-extension-3.4.3.jar;E:\path\to\local\repo\com\baomidou\mybatis-plus-core\3.4.3\mybatis-plus-core-3.4.3.jar;E:\path\to\local\repo\com\baomidou\mybatis-plus-annotation\3.4.3\mybatis-plus-annotation-3.4.3.jar;E:\path\to\local\repo\com\github\jsqlparser\jsqlparser\4.0\jsqlparser-4.0.jar;E:\path\to\local\repo\org\mybatis\mybatis\3.5.7\mybatis-3.5.7.jar;E:\path\to\local\repo\org\mybatis\mybatis-spring\2.0.6\mybatis-spring-2.0.6.jar;E:\path\to\local\repo\org\springframework\boot\spring-boot-autoconfigure\2.7.13\spring-boot-autoconfigure-2.7.13.jar;"/>
    <property name="java.vm.vendor" value="Oracle Corporation"/>
    <property name="sun.arch.data.model" value="64"/>
    <property name="user.variant" value=""/>
    <property name="java.vendor.url" value="https://java.oracle.com/"/>
    <property name="user.timezone" value="Asia/Shanghai"/>
    <property name="os.name" value="Windows 11"/>
    <property name="java.vm.specification.version" value="17"/>
    <property name="sun.java.launcher" value="SUN_STANDARD"/>
    <property name="user.country" value="CN"/>
    <property name="sun.boot.library.path" value="C:\Program Files\Java\jdk-17\bin"/>
    <property name="sun.java.command" value="C:\Users\dell\AppData\Local\Temp\surefire12275115739172370429\surefirebooter12499242790224935427.jar C:\Users\dell\AppData\Local\Temp\surefire12275115739172370429 2023-06-28T22-56-31_139-jvmRun1 surefire6115648328751162523tmp surefire_011404064902299268101tmp"/>
    <property name="jdk.debug" value="release"/>
    <property name="surefire.test.class.path" value="E:\我的文档\GitHub\Home\target\test-classes;E:\我的文档\GitHub\Home\target\classes;E:\path\to\local\repo\org\springframework\boot\spring-boot-starter-jdbc\2.7.13\spring-boot-starter-jdbc-2.7.13.jar;E:\path\to\local\repo\org\springframework\boot\spring-boot-starter\2.7.13\spring-boot-starter-2.7.13.jar;E:\path\to\local\repo\org\springframework\boot\spring-boot\2.7.13\spring-boot-2.7.13.jar;E:\path\to\local\repo\org\springframework\boot\spring-boot-starter-logging\2.7.13\spring-boot-starter-logging-2.7.13.jar;E:\path\to\local\repo\ch\qos\logback\logback-classic\1.2.12\logback-classic-1.2.12.jar;E:\path\to\local\repo\ch\qos\logback\logback-core\1.2.12\logback-core-1.2.12.jar;E:\path\to\local\repo\org\apache\logging\log4j\log4j-to-slf4j\2.17.2\log4j-to-slf4j-2.17.2.jar;E:\path\to\local\repo\org\apache\logging\log4j\log4j-api\2.17.2\log4j-api-2.17.2.jar;E:\path\to\local\repo\org\slf4j\jul-to-slf4j\1.7.36\jul-to-slf4j-1.7.36.jar;E:\path\to\local\repo\jakarta\annotation\jakarta.annotation-api\1.3.5\jakarta.annotation-api-1.3.5.jar;E:\path\to\local\repo\org\yaml\snakeyaml\1.30\snakeyaml-1.30.jar;E:\path\to\local\repo\com\zaxxer\HikariCP\4.0.3\HikariCP-4.0.3.jar;E:\path\to\local\repo\org\slf4j\slf4j-api\1.7.36\slf4j-api-1.7.36.jar;E:\path\to\local\repo\org\springframework\spring-jdbc\5.3.28\spring-jdbc-5.3.28.jar;E:\path\to\local\repo\org\springframework\spring-beans\5.3.28\spring-beans-5.3.28.jar;E:\path\to\local\repo\org\springframework\spring-tx\5.3.28\spring-tx-5.3.28.jar;E:\path\to\local\repo\org\springframework\boot\spring-boot-starter-web\2.7.13\spring-boot-starter-web-2.7.13.jar;E:\path\to\local\repo\org\springframework\boot\spring-boot-starter-json\2.7.13\spring-boot-starter-json-2.7.13.jar;E:\path\to\local\repo\com\fasterxml\jackson\core\jackson-databind\2.13.5\jackson-databind-2.13.5.jar;E:\path\to\local\repo\com\fasterxml\jackson\core\jackson-annotations\2.13.5\jackson-annotations-2.13.5.jar;E:\path\to\local\repo\com\fasterxml\jackson\core\jackson-core\2.13.5\jackson-core-2.13.5.jar;E:\path\to\local\repo\com\fasterxml\jackson\datatype\jackson-datatype-jdk8\2.13.5\jackson-datatype-jdk8-2.13.5.jar;E:\path\to\local\repo\com\fasterxml\jackson\datatype\jackson-datatype-jsr310\2.13.5\jackson-datatype-jsr310-2.13.5.jar;E:\path\to\local\repo\com\fasterxml\jackson\module\jackson-module-parameter-names\2.13.5\jackson-module-parameter-names-2.13.5.jar;E:\path\to\local\repo\org\springframework\boot\spring-boot-starter-tomcat\2.7.13\spring-boot-starter-tomcat-2.7.13.jar;E:\path\to\local\repo\org\apache\tomcat\embed\tomcat-embed-core\9.0.76\tomcat-embed-core-9.0.76.jar;E:\path\to\local\repo\org\apache\tomcat\embed\tomcat-embed-el\9.0.76\tomcat-embed-el-9.0.76.jar;E:\path\to\local\repo\org\apache\tomcat\embed\tomcat-embed-websocket\9.0.76\tomcat-embed-websocket-9.0.76.jar;E:\path\to\local\repo\org\springframework\spring-web\5.3.28\spring-web-5.3.28.jar;E:\path\to\local\repo\org\springframework\spring-webmvc\5.3.28\spring-webmvc-5.3.28.jar;E:\path\to\local\repo\org\springframework\spring-aop\5.3.28\spring-aop-5.3.28.jar;E:\path\to\local\repo\org\springframework\spring-context\5.3.28\spring-context-5.3.28.jar;E:\path\to\local\repo\org\springframework\spring-expression\5.3.28\spring-expression-5.3.28.jar;E:\path\to\local\repo\org\projectlombok\lombok\1.18.28\lombok-1.18.28.jar;E:\path\to\local\repo\org\springframework\boot\spring-boot-starter-test\2.7.13\spring-boot-starter-test-2.7.13.jar;E:\path\to\local\repo\org\springframework\boot\spring-boot-test\2.7.13\spring-boot-test-2.7.13.jar;E:\path\to\local\repo\org\springframework\boot\spring-boot-test-autoconfigure\2.7.13\spring-boot-test-autoconfigure-2.7.13.jar;E:\path\to\local\repo\com\jayway\jsonpath\json-path\2.7.0\json-path-2.7.0.jar;E:\path\to\local\repo\net\minidev\json-smart\2.4.11\json-smart-2.4.11.jar;E:\path\to\local\repo\net\minidev\accessors-smart\2.4.11\accessors-smart-2.4.11.jar;E:\path\to\local\repo\org\ow2\asm\asm\9.3\asm-9.3.jar;E:\path\to\local\repo\jakarta\xml\bind\jakarta.xml.bind-api\2.3.3\jakarta.xml.bind-api-2.3.3.jar;E:\path\to\local\repo\jakarta\activation\jakarta.activation-api\1.2.2\jakarta.activation-api-1.2.2.jar;E:\path\to\local\repo\org\assertj\assertj-core\3.22.0\assertj-core-3.22.0.jar;E:\path\to\local\repo\org\hamcrest\hamcrest\2.2\hamcrest-2.2.jar;E:\path\to\local\repo\org\junit\jupiter\junit-jupiter\5.8.2\junit-jupiter-5.8.2.jar;E:\path\to\local\repo\org\junit\jupiter\junit-jupiter-api\5.8.2\junit-jupiter-api-5.8.2.jar;E:\path\to\local\repo\org\opentest4j\opentest4j\1.2.0\opentest4j-1.2.0.jar;E:\path\to\local\repo\org\junit\platform\junit-platform-commons\1.8.2\junit-platform-commons-1.8.2.jar;E:\path\to\local\repo\org\apiguardian\apiguardian-api\1.1.2\apiguardian-api-1.1.2.jar;E:\path\to\local\repo\org\junit\jupiter\junit-jupiter-params\5.8.2\junit-jupiter-params-5.8.2.jar;E:\path\to\local\repo\org\junit\jupiter\junit-jupiter-engine\5.8.2\junit-jupiter-engine-5.8.2.jar;E:\path\to\local\repo\org\junit\platform\junit-platform-engine\1.8.2\junit-platform-engine-1.8.2.jar;E:\path\to\local\repo\org\mockito\mockito-core\4.5.1\mockito-core-4.5.1.jar;E:\path\to\local\repo\net\bytebuddy\byte-buddy\1.12.23\byte-buddy-1.12.23.jar;E:\path\to\local\repo\net\bytebuddy\byte-buddy-agent\1.12.23\byte-buddy-agent-1.12.23.jar;E:\path\to\local\repo\org\objenesis\objenesis\3.2\objenesis-3.2.jar;E:\path\to\local\repo\org\mockito\mockito-junit-jupiter\4.5.1\mockito-junit-jupiter-4.5.1.jar;E:\path\to\local\repo\org\skyscreamer\jsonassert\1.5.1\jsonassert-1.5.1.jar;E:\path\to\local\repo\com\vaadin\external\google\android-json\0.0.20131108.vaadin1\android-json-0.0.20131108.vaadin1.jar;E:\path\to\local\repo\org\springframework\spring-core\5.3.28\spring-core-5.3.28.jar;E:\path\to\local\repo\org\springframework\spring-jcl\5.3.28\spring-jcl-5.3.28.jar;E:\path\to\local\repo\org\springframework\spring-test\5.3.28\spring-test-5.3.28.jar;E:\path\to\local\repo\org\xmlunit\xmlunit-core\2.9.1\xmlunit-core-2.9.1.jar;E:\path\to\local\repo\mysql\mysql-connector-java\8.0.27\mysql-connector-java-8.0.27.jar;E:\path\to\local\repo\com\google\protobuf\protobuf-java\3.11.4\protobuf-java-3.11.4.jar;E:\path\to\local\repo\com\baomidou\mybatis-plus-boot-starter\3.4.3\mybatis-plus-boot-starter-3.4.3.jar;E:\path\to\local\repo\com\baomidou\mybatis-plus\3.4.3\mybatis-plus-3.4.3.jar;E:\path\to\local\repo\com\baomidou\mybatis-plus-extension\3.4.3\mybatis-plus-extension-3.4.3.jar;E:\path\to\local\repo\com\baomidou\mybatis-plus-core\3.4.3\mybatis-plus-core-3.4.3.jar;E:\path\to\local\repo\com\baomidou\mybatis-plus-annotation\3.4.3\mybatis-plus-annotation-3.4.3.jar;E:\path\to\local\repo\com\github\jsqlparser\jsqlparser\4.0\jsqlparser-4.0.jar;E:\path\to\local\repo\org\mybatis\mybatis\3.5.7\mybatis-3.5.7.jar;E:\path\to\local\repo\org\mybatis\mybatis-spring\2.0.6\mybatis-spring-2.0.6.jar;E:\path\to\local\repo\org\springframework\boot\spring-boot-autoconfigure\2.7.13\spring-boot-autoconfigure-2.7.13.jar;"/>
    <property name="sun.cpu.endian" value="little"/>
    <property name="user.home" value="C:\Users\dell"/>
    <property name="user.language" value="zh"/>
    <property name="java.specification.vendor" value="Oracle Corporation"/>
    <property name="java.version.date" value="2023-01-17"/>
    <property name="java.home" value="C:\Program Files\Java\jdk-17"/>
    <property name="file.separator" value="\"/>
    <property name="basedir" value="E:\我的文档\GitHub\Home"/>
    <property name="java.vm.compressedOopsMode" value="Zero based"/>
    <property name="line.separator" value="&#10;"/>
    <property name="java.vm.specification.vendor" value="Oracle Corporation"/>
    <property name="java.specification.name" value="Java Platform API Specification"/>
    <property name="surefire.real.class.path" value="C:\Users\dell\AppData\Local\Temp\surefire12275115739172370429\surefirebooter12499242790224935427.jar"/>
    <property name="user.script" value=""/>
    <property name="sun.management.compiler" value="HotSpot 64-Bit Tiered Compilers"/>
    <property name="java.runtime.version" value="17.0.6+9-LTS-190"/>
    <property name="user.name" value="dell"/>
    <property name="path.separator" value=";"/>
    <property name="os.version" value="10.0"/>
    <property name="java.runtime.name" value="Java(TM) SE Runtime Environment"/>
    <property name="file.encoding" value="UTF-8"/>
    <property name="java.vm.name" value="Java HotSpot(TM) 64-Bit Server VM"/>
    <property name="localRepository" value="E:\path\to\local\repo"/>
    <property name="java.vendor.url.bug" value="https://bugreport.java.com/bugreport/"/>
    <property name="java.io.tmpdir" value="C:\Users\dell\AppData\Local\Temp\"/>
    <property name="java.version" value="17.0.6"/>
    <property name="user.dir" value="E:\我的文档\GitHub\Home"/>
    <property name="os.arch" value="amd64"/>
    <property name="java.vm.specification.name" value="Java Virtual Machine Specification"/>
    <property name="sun.os.patch.level" value=""/>
    <property name="native.encoding" value="UTF-8"/>
    <property name="java.library.path" value="C:\Program Files\Java\jdk-17\bin;C:\WINDOWS\Sun\Java\bin;C:\WINDOWS\system32;C:\WINDOWS;C:\Python311\Scripts\;C:\Python311\;C:\Program Files\NVIDIA GPU Computing Toolkit\CUDA\v11.8\bin;C:\Program Files\NVIDIA GPU Computing Toolkit\CUDA\v11.8\libnvvp;C:\ProgramData\Oracle\Java\javapath;C:\Program Files (x86)\Common Files\Oracle\Java\javapath;C:\Windows\system32;C:\Windows;C:\Windows\System32\Wbem;C:\Windows\System32\WindowsPowerShell\v1.0\;C:\Windows\System32\OpenSSH\;C:\Program Files\NVIDIA Corporation\NVIDIA NvDLISR;C:\Program Files (x86)\NVIDIA Corporation\PhysX\Common;C:\WINDOWS\system32;C:\WINDOWS;C:\WINDOWS\System32\Wbem;C:\WINDOWS\System32\WindowsPowerShell\v1.0\;C:\WINDOWS\System32\OpenSSH\;C:\Program Files\Git\cmd;C:\Program Files\MySQL\MySQL Server 8.0\bin;C:\Program Files\Java\jdk1.8.0_181\bin;E:\apache-maven-3.8.4\bin;C:\Program Files\dotnet\;C:\Program Files\NVIDIA Corporation\Nsight Compute 2022.3.0\;C:\Program Files\nodejs\;C:\ProgramData\chocolatey\bin;;C:\Program Files\python;C:\Program Files\python\Scripts;;F:\BtSoft\panel\script;C:\Program Files\MySQL\MySQL Shell 8.0\bin\;C:\Users\dell\AppData\Local\Programs\Microsoft VS Code\bin;C:\Users\dell\AppData\Local\JetBrains\Toolbox\scripts;C:\Users\dell\AppData\Local\Programs\Python\Python310;C:\Users\dell\AppData\Local\Programs\Python\Python310\Scripts;F:\lua-5.4.2_Win64_bin;C:\Users\dell\AppData\Local\Microsoft\WindowsApps;C:\Users\dell\AppData\Local\GitHubDesktop\bin;E:\apache-maven-3.9.2-bin\apache-maven-3.9.2\bin;C:\Users\dell\AppData\Roaming\npm;."/>
    <property name="java.vm.info" value="mixed mode, sharing"/>
    <property name="java.vendor" value="Oracle Corporation"/>
    <property name="java.vm.version" value="17.0.6+9-LTS-190"/>
    <property name="sun.io.unicode.encoding" value="UnicodeLittle"/>
    <property name="java.class.version" value="61.0"/>
  </properties>
  <testcase name="contextLoads" classname="com.example.familytree.FamilytreeApplicationTests" time="0.703"/>
</testsuite>