<?xml version="1.0" encoding="UTF-8"?>
<testsuite xmlns:xsi="http://www.w3.org/2001/XMLSchema-instance" xsi:noNamespaceSchemaLocation="https://maven.apache.org/surefire/maven-surefire-plugin/xsd/surefire-test-report-3.0.xsd" version="3.0" name="com.test.ApplicationTest" time="0.006" tests="0" errors="0" skipped="0" failures="0">
  <properties>
    <property name="java.specification.version" value="17"/>
    <property name="sun.cpu.isalist" value="amd64"/>
    <property name="sun.jnu.encoding" value="GBK"/>
    <property name="java.class.path" value="E:\我的文档\GitHub\Home\target\test-classes;E:\我的文档\GitHub\Home\target\classes;E:\apache-maven-3.9.2-bin\apache-maven-3.9.2\repository\com\mysql\mysql-connector-j\8.0.33\mysql-connector-j-8.0.33.jar;E:\apache-maven-3.9.2-bin\apache-maven-3.9.2\repository\com\google\protobuf\protobuf-java\3.21.9\protobuf-java-3.21.9.jar;E:\apache-maven-3.9.2-bin\apache-maven-3.9.2\repository\org\eclipse\persistence\javax.persistence\2.2.1\javax.persistence-2.2.1.jar;E:\apache-maven-3.9.2-bin\apache-maven-3.9.2\repository\com\baomidou\mybatis-plus-boot-starter\3.5.3.1\mybatis-plus-boot-starter-3.5.3.1.jar;E:\apache-maven-3.9.2-bin\apache-maven-3.9.2\repository\com\baomidou\mybatis-plus\3.5.3.1\mybatis-plus-3.5.3.1.jar;E:\apache-maven-3.9.2-bin\apache-maven-3.9.2\repository\com\baomidou\mybatis-plus-extension\3.5.3.1\mybatis-plus-extension-3.5.3.1.jar;E:\apache-maven-3.9.2-bin\apache-maven-3.9.2\repository\com\baomidou\mybatis-plus-core\3.5.3.1\mybatis-plus-core-3.5.3.1.jar;E:\apache-maven-3.9.2-bin\apache-maven-3.9.2\repository\com\baomidou\mybatis-plus-annotation\3.5.3.1\mybatis-plus-annotation-3.5.3.1.jar;E:\apache-maven-3.9.2-bin\apache-maven-3.9.2\repository\com\github\jsqlparser\jsqlparser\4.4\jsqlparser-4.4.jar;E:\apache-maven-3.9.2-bin\apache-maven-3.9.2\repository\org\mybatis\mybatis\3.5.10\mybatis-3.5.10.jar;E:\apache-maven-3.9.2-bin\apache-maven-3.9.2\repository\org\mybatis\mybatis-spring\2.0.7\mybatis-spring-2.0.7.jar;E:\apache-maven-3.9.2-bin\apache-maven-3.9.2\repository\org\springframework\boot\spring-boot-autoconfigure\2.5.3\spring-boot-autoconfigure-2.5.3.jar;E:\apache-maven-3.9.2-bin\apache-maven-3.9.2\repository\org\springframework\boot\spring-boot-starter-jdbc\2.5.3\spring-boot-starter-jdbc-2.5.3.jar;E:\apache-maven-3.9.2-bin\apache-maven-3.9.2\repository\com\zaxxer\HikariCP\4.0.3\HikariCP-4.0.3.jar;E:\apache-maven-3.9.2-bin\apache-maven-3.9.2\repository\org\springframework\spring-orm\6.0.6\spring-orm-6.0.6.jar;E:\apache-maven-3.9.2-bin\apache-maven-3.9.2\repository\org\springframework\spring-beans\6.0.6\spring-beans-6.0.6.jar;E:\apache-maven-3.9.2-bin\apache-maven-3.9.2\repository\org\springframework\spring-core\6.0.6\spring-core-6.0.6.jar;E:\apache-maven-3.9.2-bin\apache-maven-3.9.2\repository\org\springframework\spring-jcl\6.0.6\spring-jcl-6.0.6.jar;E:\apache-maven-3.9.2-bin\apache-maven-3.9.2\repository\org\springframework\spring-jdbc\6.0.6\spring-jdbc-6.0.6.jar;E:\apache-maven-3.9.2-bin\apache-maven-3.9.2\repository\org\springframework\spring-tx\6.0.6\spring-tx-6.0.6.jar;E:\apache-maven-3.9.2-bin\apache-maven-3.9.2\repository\org\springframework\boot\spring-boot-starter\3.1.0\spring-boot-starter-3.1.0.jar;E:\apache-maven-3.9.2-bin\apache-maven-3.9.2\repository\org\springframework\boot\spring-boot\3.1.0\spring-boot-3.1.0.jar;E:\apache-maven-3.9.2-bin\apache-maven-3.9.2\repository\org\springframework\spring-context\6.0.9\spring-context-6.0.9.jar;E:\apache-maven-3.9.2-bin\apache-maven-3.9.2\repository\org\springframework\spring-aop\6.0.9\spring-aop-6.0.9.jar;E:\apache-maven-3.9.2-bin\apache-maven-3.9.2\repository\org\springframework\spring-expression\6.0.9\spring-expression-6.0.9.jar;E:\apache-maven-3.9.2-bin\apache-maven-3.9.2\repository\org\springframework\boot\spring-boot-starter-logging\3.1.0\spring-boot-starter-logging-3.1.0.jar;E:\apache-maven-3.9.2-bin\apache-maven-3.9.2\repository\org\apache\logging\log4j\log4j-to-slf4j\2.20.0\log4j-to-slf4j-2.20.0.jar;E:\apache-maven-3.9.2-bin\apache-maven-3.9.2\repository\org\apache\logging\log4j\log4j-api\2.20.0\log4j-api-2.20.0.jar;E:\apache-maven-3.9.2-bin\apache-maven-3.9.2\repository\org\slf4j\jul-to-slf4j\2.0.7\jul-to-slf4j-2.0.7.jar;E:\apache-maven-3.9.2-bin\apache-maven-3.9.2\repository\jakarta\annotation\jakarta.annotation-api\2.1.1\jakarta.annotation-api-2.1.1.jar;E:\apache-maven-3.9.2-bin\apache-maven-3.9.2\repository\org\yaml\snakeyaml\1.33\snakeyaml-1.33.jar;E:\apache-maven-3.9.2-bin\apache-maven-3.9.2\repository\org\projectlombok\lombok\1.18.26\lombok-1.18.26.jar;E:\apache-maven-3.9.2-bin\apache-maven-3.9.2\repository\com\github\kernol-info\advancedcontroller-spring-boot-starter\0.0.1\advancedcontroller-spring-boot-starter-0.0.1.jar;E:\apache-maven-3.9.2-bin\apache-maven-3.9.2\repository\org\springframework\boot\spring-boot-starter-web\2.2.5.RELEASE\spring-boot-starter-web-2.2.5.RELEASE.jar;E:\apache-maven-3.9.2-bin\apache-maven-3.9.2\repository\org\springframework\boot\spring-boot-starter-json\2.2.5.RELEASE\spring-boot-starter-json-2.2.5.RELEASE.jar;E:\apache-maven-3.9.2-bin\apache-maven-3.9.2\repository\com\fasterxml\jackson\core\jackson-databind\2.10.2\jackson-databind-2.10.2.jar;E:\apache-maven-3.9.2-bin\apache-maven-3.9.2\repository\com\fasterxml\jackson\core\jackson-annotations\2.10.2\jackson-annotations-2.10.2.jar;E:\apache-maven-3.9.2-bin\apache-maven-3.9.2\repository\com\fasterxml\jackson\core\jackson-core\2.10.2\jackson-core-2.10.2.jar;E:\apache-maven-3.9.2-bin\apache-maven-3.9.2\repository\com\fasterxml\jackson\datatype\jackson-datatype-jdk8\2.10.2\jackson-datatype-jdk8-2.10.2.jar;E:\apache-maven-3.9.2-bin\apache-maven-3.9.2\repository\com\fasterxml\jackson\datatype\jackson-datatype-jsr310\2.10.2\jackson-datatype-jsr310-2.10.2.jar;E:\apache-maven-3.9.2-bin\apache-maven-3.9.2\repository\com\fasterxml\jackson\module\jackson-module-parameter-names\2.10.2\jackson-module-parameter-names-2.10.2.jar;E:\apache-maven-3.9.2-bin\apache-maven-3.9.2\repository\org\springframework\boot\spring-boot-starter-tomcat\2.2.5.RELEASE\spring-boot-starter-tomcat-2.2.5.RELEASE.jar;E:\apache-maven-3.9.2-bin\apache-maven-3.9.2\repository\org\apache\tomcat\embed\tomcat-embed-core\9.0.31\tomcat-embed-core-9.0.31.jar;E:\apache-maven-3.9.2-bin\apache-maven-3.9.2\repository\org\apache\tomcat\embed\tomcat-embed-el\9.0.31\tomcat-embed-el-9.0.31.jar;E:\apache-maven-3.9.2-bin\apache-maven-3.9.2\repository\org\apache\tomcat\embed\tomcat-embed-websocket\9.0.31\tomcat-embed-websocket-9.0.31.jar;E:\apache-maven-3.9.2-bin\apache-maven-3.9.2\repository\org\springframework\boot\spring-boot-starter-validation\2.2.5.RELEASE\spring-boot-starter-validation-2.2.5.RELEASE.jar;E:\apache-maven-3.9.2-bin\apache-maven-3.9.2\repository\jakarta\validation\jakarta.validation-api\2.0.2\jakarta.validation-api-2.0.2.jar;E:\apache-maven-3.9.2-bin\apache-maven-3.9.2\repository\org\hibernate\validator\hibernate-validator\6.0.18.Final\hibernate-validator-6.0.18.Final.jar;E:\apache-maven-3.9.2-bin\apache-maven-3.9.2\repository\org\jboss\logging\jboss-logging\3.3.2.Final\jboss-logging-3.3.2.Final.jar;E:\apache-maven-3.9.2-bin\apache-maven-3.9.2\repository\com\fasterxml\classmate\1.3.4\classmate-1.3.4.jar;E:\apache-maven-3.9.2-bin\apache-maven-3.9.2\repository\org\springframework\spring-web\5.2.4.RELEASE\spring-web-5.2.4.RELEASE.jar;E:\apache-maven-3.9.2-bin\apache-maven-3.9.2\repository\org\springframework\spring-webmvc\5.2.4.RELEASE\spring-webmvc-5.2.4.RELEASE.jar;E:\apache-maven-3.9.2-bin\apache-maven-3.9.2\repository\ch\qos\logback\logback-classic\1.4.7\logback-classic-1.4.7.jar;E:\apache-maven-3.9.2-bin\apache-maven-3.9.2\repository\ch\qos\logback\logback-core\1.4.7\logback-core-1.4.7.jar;E:\apache-maven-3.9.2-bin\apache-maven-3.9.2\repository\org\slf4j\slf4j-api\2.0.4\slf4j-api-2.0.4.jar;"/>
    <property name="java.vm.vendor" value="Oracle Corporation"/>
    <property name="sun.arch.data.model" value="64"/>
    <property name="user.variant" value=""/>
    <property name="java.vendor.url" value="https://java.oracle.com/"/>
    <property name="user.timezone" value="Asia/Shanghai"/>
    <property name="os.name" value="Windows 11"/>
    <property name="java.vm.specification.version" value="17"/>
    <property name="sun.java.launcher" value="SUN_STANDARD"/>
    <property name="user.country" value="CN"/>
    <property name="sun.boot.library.path" value="C:\Program Files\Java\jdk-17\bin"/>
    <property name="sun.java.command" value="C:\Users\dell\AppData\Local\Temp\surefire12546752511172674372\surefirebooter-20230621190819634_3.jar C:\Users\dell\AppData\Local\Temp\surefire12546752511172674372 2023-06-21T19-08-18_172-jvmRun1 surefire-20230621190819634_1tmp surefire_0-20230621190819634_2tmp"/>
    <property name="jdk.debug" value="release"/>
    <property name="surefire.test.class.path" value="E:\我的文档\GitHub\Home\target\test-classes;E:\我的文档\GitHub\Home\target\classes;E:\apache-maven-3.9.2-bin\apache-maven-3.9.2\repository\com\mysql\mysql-connector-j\8.0.33\mysql-connector-j-8.0.33.jar;E:\apache-maven-3.9.2-bin\apache-maven-3.9.2\repository\com\google\protobuf\protobuf-java\3.21.9\protobuf-java-3.21.9.jar;E:\apache-maven-3.9.2-bin\apache-maven-3.9.2\repository\org\eclipse\persistence\javax.persistence\2.2.1\javax.persistence-2.2.1.jar;E:\apache-maven-3.9.2-bin\apache-maven-3.9.2\repository\com\baomidou\mybatis-plus-boot-starter\3.5.3.1\mybatis-plus-boot-starter-3.5.3.1.jar;E:\apache-maven-3.9.2-bin\apache-maven-3.9.2\repository\com\baomidou\mybatis-plus\3.5.3.1\mybatis-plus-3.5.3.1.jar;E:\apache-maven-3.9.2-bin\apache-maven-3.9.2\repository\com\baomidou\mybatis-plus-extension\3.5.3.1\mybatis-plus-extension-3.5.3.1.jar;E:\apache-maven-3.9.2-bin\apache-maven-3.9.2\repository\com\baomidou\mybatis-plus-core\3.5.3.1\mybatis-plus-core-3.5.3.1.jar;E:\apache-maven-3.9.2-bin\apache-maven-3.9.2\repository\com\baomidou\mybatis-plus-annotation\3.5.3.1\mybatis-plus-annotation-3.5.3.1.jar;E:\apache-maven-3.9.2-bin\apache-maven-3.9.2\repository\com\github\jsqlparser\jsqlparser\4.4\jsqlparser-4.4.jar;E:\apache-maven-3.9.2-bin\apache-maven-3.9.2\repository\org\mybatis\mybatis\3.5.10\mybatis-3.5.10.jar;E:\apache-maven-3.9.2-bin\apache-maven-3.9.2\repository\org\mybatis\mybatis-spring\2.0.7\mybatis-spring-2.0.7.jar;E:\apache-maven-3.9.2-bin\apache-maven-3.9.2\repository\org\springframework\boot\spring-boot-autoconfigure\2.5.3\spring-boot-autoconfigure-2.5.3.jar;E:\apache-maven-3.9.2-bin\apache-maven-3.9.2\repository\org\springframework\boot\spring-boot-starter-jdbc\2.5.3\spring-boot-starter-jdbc-2.5.3.jar;E:\apache-maven-3.9.2-bin\apache-maven-3.9.2\repository\com\zaxxer\HikariCP\4.0.3\HikariCP-4.0.3.jar;E:\apache-maven-3.9.2-bin\apache-maven-3.9.2\repository\org\springframework\spring-orm\6.0.6\spring-orm-6.0.6.jar;E:\apache-maven-3.9.2-bin\apache-maven-3.9.2\repository\org\springframework\spring-beans\6.0.6\spring-beans-6.0.6.jar;E:\apache-maven-3.9.2-bin\apache-maven-3.9.2\repository\org\springframework\spring-core\6.0.6\spring-core-6.0.6.jar;E:\apache-maven-3.9.2-bin\apache-maven-3.9.2\repository\org\springframework\spring-jcl\6.0.6\spring-jcl-6.0.6.jar;E:\apache-maven-3.9.2-bin\apache-maven-3.9.2\repository\org\springframework\spring-jdbc\6.0.6\spring-jdbc-6.0.6.jar;E:\apache-maven-3.9.2-bin\apache-maven-3.9.2\repository\org\springframework\spring-tx\6.0.6\spring-tx-6.0.6.jar;E:\apache-maven-3.9.2-bin\apache-maven-3.9.2\repository\org\springframework\boot\spring-boot-starter\3.1.0\spring-boot-starter-3.1.0.jar;E:\apache-maven-3.9.2-bin\apache-maven-3.9.2\repository\org\springframework\boot\spring-boot\3.1.0\spring-boot-3.1.0.jar;E:\apache-maven-3.9.2-bin\apache-maven-3.9.2\repository\org\springframework\spring-context\6.0.9\spring-context-6.0.9.jar;E:\apache-maven-3.9.2-bin\apache-maven-3.9.2\repository\org\springframework\spring-aop\6.0.9\spring-aop-6.0.9.jar;E:\apache-maven-3.9.2-bin\apache-maven-3.9.2\repository\org\springframework\spring-expression\6.0.9\spring-expression-6.0.9.jar;E:\apache-maven-3.9.2-bin\apache-maven-3.9.2\repository\org\springframework\boot\spring-boot-starter-logging\3.1.0\spring-boot-starter-logging-3.1.0.jar;E:\apache-maven-3.9.2-bin\apache-maven-3.9.2\repository\org\apache\logging\log4j\log4j-to-slf4j\2.20.0\log4j-to-slf4j-2.20.0.jar;E:\apache-maven-3.9.2-bin\apache-maven-3.9.2\repository\org\apache\logging\log4j\log4j-api\2.20.0\log4j-api-2.20.0.jar;E:\apache-maven-3.9.2-bin\apache-maven-3.9.2\repository\org\slf4j\jul-to-slf4j\2.0.7\jul-to-slf4j-2.0.7.jar;E:\apache-maven-3.9.2-bin\apache-maven-3.9.2\repository\jakarta\annotation\jakarta.annotation-api\2.1.1\jakarta.annotation-api-2.1.1.jar;E:\apache-maven-3.9.2-bin\apache-maven-3.9.2\repository\org\yaml\snakeyaml\1.33\snakeyaml-1.33.jar;E:\apache-maven-3.9.2-bin\apache-maven-3.9.2\repository\org\projectlombok\lombok\1.18.26\lombok-1.18.26.jar;E:\apache-maven-3.9.2-bin\apache-maven-3.9.2\repository\com\github\kernol-info\advancedcontroller-spring-boot-starter\0.0.1\advancedcontroller-spring-boot-starter-0.0.1.jar;E:\apache-maven-3.9.2-bin\apache-maven-3.9.2\repository\org\springframework\boot\spring-boot-starter-web\2.2.5.RELEASE\spring-boot-starter-web-2.2.5.RELEASE.jar;E:\apache-maven-3.9.2-bin\apache-maven-3.9.2\repository\org\springframework\boot\spring-boot-starter-json\2.2.5.RELEASE\spring-boot-starter-json-2.2.5.RELEASE.jar;E:\apache-maven-3.9.2-bin\apache-maven-3.9.2\repository\com\fasterxml\jackson\core\jackson-databind\2.10.2\jackson-databind-2.10.2.jar;E:\apache-maven-3.9.2-bin\apache-maven-3.9.2\repository\com\fasterxml\jackson\core\jackson-annotations\2.10.2\jackson-annotations-2.10.2.jar;E:\apache-maven-3.9.2-bin\apache-maven-3.9.2\repository\com\fasterxml\jackson\core\jackson-core\2.10.2\jackson-core-2.10.2.jar;E:\apache-maven-3.9.2-bin\apache-maven-3.9.2\repository\com\fasterxml\jackson\datatype\jackson-datatype-jdk8\2.10.2\jackson-datatype-jdk8-2.10.2.jar;E:\apache-maven-3.9.2-bin\apache-maven-3.9.2\repository\com\fasterxml\jackson\datatype\jackson-datatype-jsr310\2.10.2\jackson-datatype-jsr310-2.10.2.jar;E:\apache-maven-3.9.2-bin\apache-maven-3.9.2\repository\com\fasterxml\jackson\module\jackson-module-parameter-names\2.10.2\jackson-module-parameter-names-2.10.2.jar;E:\apache-maven-3.9.2-bin\apache-maven-3.9.2\repository\org\springframework\boot\spring-boot-starter-tomcat\2.2.5.RELEASE\spring-boot-starter-tomcat-2.2.5.RELEASE.jar;E:\apache-maven-3.9.2-bin\apache-maven-3.9.2\repository\org\apache\tomcat\embed\tomcat-embed-core\9.0.31\tomcat-embed-core-9.0.31.jar;E:\apache-maven-3.9.2-bin\apache-maven-3.9.2\repository\org\apache\tomcat\embed\tomcat-embed-el\9.0.31\tomcat-embed-el-9.0.31.jar;E:\apache-maven-3.9.2-bin\apache-maven-3.9.2\repository\org\apache\tomcat\embed\tomcat-embed-websocket\9.0.31\tomcat-embed-websocket-9.0.31.jar;E:\apache-maven-3.9.2-bin\apache-maven-3.9.2\repository\org\springframework\boot\spring-boot-starter-validation\2.2.5.RELEASE\spring-boot-starter-validation-2.2.5.RELEASE.jar;E:\apache-maven-3.9.2-bin\apache-maven-3.9.2\repository\jakarta\validation\jakarta.validation-api\2.0.2\jakarta.validation-api-2.0.2.jar;E:\apache-maven-3.9.2-bin\apache-maven-3.9.2\repository\org\hibernate\validator\hibernate-validator\6.0.18.Final\hibernate-validator-6.0.18.Final.jar;E:\apache-maven-3.9.2-bin\apache-maven-3.9.2\repository\org\jboss\logging\jboss-logging\3.3.2.Final\jboss-logging-3.3.2.Final.jar;E:\apache-maven-3.9.2-bin\apache-maven-3.9.2\repository\com\fasterxml\classmate\1.3.4\classmate-1.3.4.jar;E:\apache-maven-3.9.2-bin\apache-maven-3.9.2\repository\org\springframework\spring-web\5.2.4.RELEASE\spring-web-5.2.4.RELEASE.jar;E:\apache-maven-3.9.2-bin\apache-maven-3.9.2\repository\org\springframework\spring-webmvc\5.2.4.RELEASE\spring-webmvc-5.2.4.RELEASE.jar;E:\apache-maven-3.9.2-bin\apache-maven-3.9.2\repository\ch\qos\logback\logback-classic\1.4.7\logback-classic-1.4.7.jar;E:\apache-maven-3.9.2-bin\apache-maven-3.9.2\repository\ch\qos\logback\logback-core\1.4.7\logback-core-1.4.7.jar;E:\apache-maven-3.9.2-bin\apache-maven-3.9.2\repository\org\slf4j\slf4j-api\2.0.4\slf4j-api-2.0.4.jar;"/>
    <property name="sun.cpu.endian" value="little"/>
    <property name="user.home" value="C:\Users\dell"/>
    <property name="user.language" value="zh"/>
    <property name="java.specification.vendor" value="Oracle Corporation"/>
    <property name="java.version.date" value="2023-01-17"/>
    <property name="java.home" value="C:\Program Files\Java\jdk-17"/>
    <property name="file.separator" value="\"/>
    <property name="basedir" value="E:\我的文档\GitHub\Home"/>
    <property name="java.vm.compressedOopsMode" value="Zero based"/>
    <property name="line.separator" value="&#10;"/>
    <property name="java.vm.specification.vendor" value="Oracle Corporation"/>
    <property name="java.specification.name" value="Java Platform API Specification"/>
    <property name="surefire.real.class.path" value="C:\Users\dell\AppData\Local\Temp\surefire12546752511172674372\surefirebooter-20230621190819634_3.jar"/>
    <property name="user.script" value=""/>
    <property name="sun.management.compiler" value="HotSpot 64-Bit Tiered Compilers"/>
    <property name="java.runtime.version" value="17.0.6+9-LTS-190"/>
    <property name="user.name" value="dell"/>
    <property name="path.separator" value=";"/>
    <property name="os.version" value="10.0"/>
    <property name="java.runtime.name" value="Java(TM) SE Runtime Environment"/>
    <property name="file.encoding" value="GBK"/>
    <property name="java.vm.name" value="Java HotSpot(TM) 64-Bit Server VM"/>
    <property name="localRepository" value="E:\apache-maven-3.9.2-bin\apache-maven-3.9.2\repository"/>
    <property name="java.vendor.url.bug" value="https://bugreport.java.com/bugreport/"/>
    <property name="java.io.tmpdir" value="C:\Users\dell\AppData\Local\Temp\"/>
    <property name="idea.version" value="2022.3.3"/>
    <property name="java.version" value="17.0.6"/>
    <property name="user.dir" value="E:\我的文档\GitHub\Home"/>
    <property name="os.arch" value="amd64"/>
    <property name="java.vm.specification.name" value="Java Virtual Machine Specification"/>
    <property name="sun.os.patch.level" value=""/>
    <property name="native.encoding" value="GBK"/>
    <property name="java.library.path" value="C:\Program Files\Java\jdk-17\bin;C:\WINDOWS\Sun\Java\bin;C:\WINDOWS\system32;C:\WINDOWS;C:\Python311\Scripts\;C:\Python311\;C:\Program Files\NVIDIA GPU Computing Toolkit\CUDA\v11.8\bin;C:\Program Files\NVIDIA GPU Computing Toolkit\CUDA\v11.8\libnvvp;C:\ProgramData\Oracle\Java\javapath;C:\Program Files (x86)\Common Files\Oracle\Java\javapath;C:\Windows\system32;C:\Windows;C:\Windows\System32\Wbem;C:\Windows\System32\WindowsPowerShell\v1.0\;C:\Windows\System32\OpenSSH\;C:\Program Files\NVIDIA Corporation\NVIDIA NvDLISR;C:\Program Files (x86)\NVIDIA Corporation\PhysX\Common;C:\WINDOWS\system32;C:\WINDOWS;C:\WINDOWS\System32\Wbem;C:\WINDOWS\System32\WindowsPowerShell\v1.0\;C:\WINDOWS\System32\OpenSSH\;C:\Program Files\Git\cmd;C:\Program Files\MySQL\MySQL Server 8.0\bin;C:\Program Files\Java\jdk1.8.0_181\bin;E:\apache-maven-3.8.4\bin;C:\Program Files\dotnet\;C:\Program Files\NVIDIA Corporation\Nsight Compute 2022.3.0\;C:\Program Files\nodejs\;C:\ProgramData\chocolatey\bin;C:\Program Files\MySQL\MySQL Shell 8.0\bin\;C:\Users\dell\AppData\Local\Programs\Microsoft VS Code\bin;C:\Users\dell\AppData\Local\JetBrains\Toolbox\scripts;C:\Users\dell\AppData\Local\Programs\Python\Python310;C:\Users\dell\AppData\Local\Programs\Python\Python310\Scripts;F:\lua-5.4.2_Win64_bin;C:\Users\dell\AppData\Local\Microsoft\WindowsApps;C:\Users\dell\AppData\Local\GitHubDesktop\bin;E:\apache-maven-3.9.2-bin\apache-maven-3.9.2\bin;C:\Users\dell\AppData\Roaming\npm;."/>
    <property name="java.vm.info" value="mixed mode, sharing"/>
    <property name="java.vendor" value="Oracle Corporation"/>
    <property name="java.vm.version" value="17.0.6+9-LTS-190"/>
    <property name="sun.io.unicode.encoding" value="UnicodeLittle"/>
    <property name="maven.repo.local" value="E:\apache-maven-3.9.2-bin\apache-maven-3.9.2\repository"/>
    <property name="java.class.version" value="61.0"/>
  </properties>
</testsuite>